This is LuaTeX, Version beta-0.79.1 (TeX Live 2014/W32TeX) (rev 4971)  (format=lualatex 2015.2.28)  22 APR 2016 16:36
 restricted \write18 enabled.
**mainV21.tex
(./mainV21.tex
LaTeX2e <2014/05/01>
Babel <3.9l> and hyphenation patterns for 79 languages loaded.
(./header.tex
(c:/Toolbox/texlive/2014/texmf-dist/tex/latex/koma-script/scrartcl.cls
Document Class: scrartcl 2015/02/07 v3.16 KOMA-Script document class (article)
(c:/Toolbox/texlive/2014/texmf-dist/tex/latex/koma-script/scrkbase.sty
Package: scrkbase 2015/02/07 v3.16 KOMA-Script package (KOMA-Script-dependent ba
sics and keyval usage)

(c:/Toolbox/texlive/2014/texmf-dist/tex/latex/koma-script/scrbase.sty
Package: scrbase 2015/02/07 v3.16 KOMA-Script package (KOMA-Script-independent b
asics and keyval usage)

(c:/Toolbox/texlive/2014/texmf-dist/tex/latex/graphics/keyval.sty
Package: keyval 2014/10/28 v1.15 key=value parser (DPC)
\KV@toks@=\toks14
)
(c:/Toolbox/texlive/2014/texmf-dist/tex/latex/koma-script/scrlfile.sty
Package: scrlfile 2015/02/07 v3.16 KOMA-Script package (loading files)

Package scrlfile, 2015/02/07 v3.16 KOMA-Script package (loading files)
                  Copyright (C) Markus Kohm

))) (c:/Toolbox/texlive/2014/texmf-dist/tex/latex/koma-script/tocbasic.sty
Package: tocbasic 2015/02/07 v3.16 KOMA-Script package (handling toc-files)
)
Package tocbasic Info: omitting babel extension for `toc'
(tocbasic)             because of feature `nobabel' available
(tocbasic)             for `toc' on input line 116.
Package tocbasic Info: omitting babel extension for `lof'
(tocbasic)             because of feature `nobabel' available
(tocbasic)             for `lof' on input line 117.
Package tocbasic Info: omitting babel extension for `lot'
(tocbasic)             because of feature `nobabel' available
(tocbasic)             for `lot' on input line 118.
Class scrartcl Info: File `scrsize11pt.clo' used instead of
(scrartcl)           file `scrsize11.clo' to setup font sizes on input line 1564
.

(c:/Toolbox/texlive/2014/texmf-dist/tex/latex/koma-script/scrsize11pt.clo
File: scrsize11pt.clo 2015/02/07 v3.16 KOMA-Script font size class option (11pt)

)
(c:/Toolbox/texlive/2014/texmf-dist/tex/latex/koma-script/typearea.sty
Package: typearea 2015/02/07 v3.16 KOMA-Script package (type area)

Package typearea, 2015/02/07 v3.16 KOMA-Script package (type area)
                  Copyright (C) Frank Neukam, 1992-1994
                  Copyright (C) Markus Kohm, 1994-

\ta@bcor=\skip41
\ta@div=\count79
\ta@hblk=\skip42
\ta@vblk=\skip43
\ta@temp=\skip44
\footheight=\skip45
Package typearea Info: These are the values describing the layout:
(typearea)             DIV  = 10
(typearea)             BCOR = 0.0pt
(typearea)             \paperwidth      = 597.50793pt
(typearea)              \textwidth      = 418.25555pt
(typearea)              DIV departure   = -6%
(typearea)              \evensidemargin = 17.3562pt
(typearea)              \oddsidemargin  = 17.3562pt
(typearea)             \paperheight     = 845.04694pt
(typearea)              \textheight     = 595.80026pt
(typearea)              \topmargin      = -25.16531pt
(typearea)              \headheight     = 17.0pt
(typearea)              \headsep        = 20.40001pt
(typearea)              \topskip        = 11.0pt
(typearea)              \footskip       = 47.6pt
(typearea)              \baselineskip   = 13.6pt
(typearea)              on input line 1342.
)
\c@part=\count80
\c@section=\count81
\c@subsection=\count82
\c@subsubsection=\count83
\c@paragraph=\count84
\c@subparagraph=\count85
\abovecaptionskip=\skip46
\belowcaptionskip=\skip47
\c@pti@nb@sid@b@x=\box26
\c@figure=\count86
\c@table=\count87
\bibindent=\dimen102
) (c:/Toolbox/texlive/2014/texmf-dist/tex/latex/base/fixltx2e.sty
Package: fixltx2e 2014/09/29 v1.1s fixes to LaTeX
LaTeX Info: Redefining \em on input line 430.
LaTeX Info: Redefining \textsubscript on input line 434.
)
(c:/Toolbox/texlive/2014/texmf-dist/tex/latex/oberdiek/rerunfilecheck.sty
Package: rerunfilecheck 2011/04/15 v1.7 Rerun checks for auxiliary files (HO)

(c:/Toolbox/texlive/2014/texmf-dist/tex/latex/oberdiek/kvoptions.sty
Package: kvoptions 2011/06/30 v3.11 Key value format for package options (HO)

(c:/Toolbox/texlive/2014/texmf-dist/tex/generic/oberdiek/ltxcmds.sty
Package: ltxcmds 2011/11/09 v1.22 LaTeX kernel commands for general use (HO)
)
(c:/Toolbox/texlive/2014/texmf-dist/tex/generic/oberdiek/kvsetkeys.sty
Package: kvsetkeys 2012/04/25 v1.16 Key value parser (HO)

(c:/Toolbox/texlive/2014/texmf-dist/tex/generic/oberdiek/infwarerr.sty
Package: infwarerr 2010/04/08 v1.3 Providing info/warning/error messages (HO)
)
(c:/Toolbox/texlive/2014/texmf-dist/tex/generic/oberdiek/etexcmds.sty
Package: etexcmds 2011/02/16 v1.5 Avoid name clashes with e-TeX commands (HO)

(c:/Toolbox/texlive/2014/texmf-dist/tex/generic/oberdiek/ifluatex.sty
Package: ifluatex 2010/03/01 v1.3 Provides the ifluatex switch (HO)
Package ifluatex Info: LuaTeX detected.
))))
(c:/Toolbox/texlive/2014/texmf-dist/tex/generic/oberdiek/pdftexcmds.sty
Package: pdftexcmds 2011/11/29 v0.20 Utility functions of pdfTeX for LuaTeX (HO)


(c:/Toolbox/texlive/2014/texmf-dist/tex/generic/oberdiek/ifpdf.sty
Package: ifpdf 2011/01/30 v2.3 Provides the ifpdf switch (HO)
Package ifpdf Info: pdfTeX in PDF mode is detected.
)
Package pdftexcmds Info: \pdf@primitive is available.
Package pdftexcmds Info: \pdf@ifprimitive is available.
Package pdftexcmds Info: \pdfdraftmode found.

(c:/Toolbox/texlive/2014/texmf-dist/tex/generic/oberdiek/luatex-loader.sty
Package: luatex-loader 2010/03/09 v0.4 Lua module loader (HO)

(c:/Toolbox/texlive/2014/texmf-dist/scripts/oberdiek/oberdiek.luatex.lua))
\pdftexcmds@toks=\toks15
)
(c:/Toolbox/texlive/2014/texmf-dist/tex/latex/oberdiek/atveryend.sty
Package: atveryend 2011/06/30 v1.8 Hooks at the very end of document (HO)
Package atveryend Info: \enddocument detected (standard20110627).
)
(c:/Toolbox/texlive/2014/texmf-dist/tex/generic/oberdiek/uniquecounter.sty
Package: uniquecounter 2011/01/30 v1.2 Provide unlimited unique counter (HO)

(c:/Toolbox/texlive/2014/texmf-dist/tex/generic/oberdiek/bigintcalc.sty
Package: bigintcalc 2012/04/08 v1.3 Expandable calculations on big integers (HO)

))
Package uniquecounter Info: New unique counter `rerunfilecheck' on input line 28
2.
)
(c:/Toolbox/texlive/2014/texmf-dist/tex/latex/polyglossia/polyglossia.sty
Package: polyglossia 2014/05/21 v1.33.5 Babel replacement for XeLaTeX and LuaTeX


(c:/Toolbox/texlive/2014/texmf-dist/tex/latex/etoolbox/etoolbox.sty
Package: etoolbox 2011/01/03 v2.1 e-TeX tools for LaTeX

(c:/Toolbox/texlive/2014/texmf-dist/tex/latex/etex-pkg/etex.sty
Package: etex 1998/03/26 v2.0 eTeX basic definition package (PEB)
\et@xins=\count88
)
\etb@tempcnta=\count89
)
(c:/Toolbox/texlive/2014/texmf-dist/tex/latex/makecmds/makecmds.sty
Package: makecmds 2009/09/03 v1.0a extra command making commands
)
(c:/Toolbox/texlive/2014/texmf-dist/tex/latex/xkeyval/xkeyval.sty
Package: xkeyval 2014/12/03 v2.7a package option processing (HA)

(c:/Toolbox/texlive/2014/texmf-dist/tex/generic/xkeyval/xkeyval.tex
(c:/Toolbox/texlive/2014/texmf-dist/tex/generic/xkeyval/xkvutils.tex
\XKV@toks=\toks16
\XKV@tempa@toks=\toks17
)
\XKV@depth=\count90
File: xkeyval.tex 2014/12/03 v2.7a key=value parser (HA)
))
(c:/Toolbox/texlive/2014/texmf-dist/tex/latex/fontspec/fontspec.sty
Package: fontspec 2014/06/21 v2.4a Font selection for XeLaTeX and LuaLaTeX

(c:/Toolbox/texlive/2014/texmf-dist/tex/latex/l3kernel/expl3.sty
Package: expl3 2015/02/13 v5524 L3 programming layer (loader) 

(c:/Toolbox/texlive/2014/texmf-dist/tex/latex/l3kernel/expl3-code.tex
Package: expl3 2015/02/13 v5524 L3 programming layer (code) 
L3 Module: l3bootstrap 2015/01/27 v5500 L3 Bootstrap code
L3 Module: l3names 2014/08/22 v5343 L3 Namespace for primitives
L3 Module: l3basics 2015/01/27 v5500 L3 Basic definitions
L3 Module: l3expan 2014/11/27 v5472 L3 Argument expansion
L3 Module: l3tl 2015/01/27 v5500 L3 Token lists
L3 Module: l3str 2014/08/24 v5368 L3 Strings
L3 Module: l3seq 2014/08/23 v5354 L3 Sequences and stacks
L3 Module: l3int 2014/09/14 v5421 L3 Integers
\c_max_int=\count91
\l_tmpa_int=\count92
\l_tmpb_int=\count93
\g_tmpa_int=\count94
\g_tmpb_int=\count95
L3 Module: l3quark 2014/08/23 v5354 L3 Quarks
L3 Module: l3prg 2014/08/23 v5354 L3 Control structures
\g__prg_map_int=\count96
L3 Module: l3clist 2014/08/23 v5354 L3 Comma separated lists
L3 Module: l3token 2014/09/15 v5422 L3 Experimental token manipulation
L3 Module: l3prop 2014/08/23 v5354 L3 Property lists
L3 Module: l3msg 2014/08/24 v5358 L3 Messages
L3 Module: l3file 2014/08/24 v5369 L3 File and I/O operations
\l_iow_line_count_int=\count97
\l__iow_target_count_int=\count98
\l__iow_current_line_int=\count99
\l__iow_current_word_int=\count100
\l__iow_current_indentation_int=\count101
L3 Module: l3skip 2014/08/23 v5354 L3 Dimensions and skips
\c_zero_dim=\dimen103
\c_max_dim=\dimen104
\l_tmpa_dim=\dimen105
\l_tmpb_dim=\dimen106
\g_tmpa_dim=\dimen107
\g_tmpb_dim=\dimen108
\c_zero_skip=\skip48
\c_max_skip=\skip49
\l_tmpa_skip=\skip50
\l_tmpb_skip=\skip51
\g_tmpa_skip=\skip52
\g_tmpb_skip=\skip53
\c_zero_muskip=\muskip10
\c_max_muskip=\muskip11
\l_tmpa_muskip=\muskip12
\l_tmpb_muskip=\muskip13
\g_tmpa_muskip=\muskip14
\g_tmpb_muskip=\muskip15
L3 Module: l3keys 2015/01/27 v5500 L3 Key-value interfaces
\g__keyval_level_int=\count102
\l_keys_choice_int=\count103
L3 Module: l3fp 2014/08/22 v5336 L3 Floating points
\c__fp_leading_shift_int=\count104
\c__fp_middle_shift_int=\count105
\c__fp_trailing_shift_int=\count106
\c__fp_big_leading_shift_int=\count107
\c__fp_big_middle_shift_int=\count108
\c__fp_big_trailing_shift_int=\count109
\c__fp_Bigg_leading_shift_int=\count110
\c__fp_Bigg_middle_shift_int=\count111
\c__fp_Bigg_trailing_shift_int=\count112
L3 Module: l3box 2014/08/23 v5354 L3 Experimental boxes
\c_empty_box=\box27
\l_tmpa_box=\box28
\l_tmpb_box=\box29
\g_tmpa_box=\box30
\g_tmpb_box=\box31
L3 Module: l3coffins 2014/08/23 v5354 L3 Coffin code layer
\l__coffin_internal_box=\box32
\l__coffin_internal_dim=\dimen109
\l__coffin_offset_x_dim=\dimen110
\l__coffin_offset_y_dim=\dimen111
\l__coffin_x_dim=\dimen112
\l__coffin_y_dim=\dimen113
\l__coffin_x_prime_dim=\dimen114
\l__coffin_y_prime_dim=\dimen115
\c_empty_coffin=\box33
\l__coffin_aligned_coffin=\box34
\l__coffin_aligned_internal_coffin=\box35
\l_tmpa_coffin=\box36
\l_tmpb_coffin=\box37
\l__coffin_display_coffin=\box38
\l__coffin_display_coord_coffin=\box39
\l__coffin_display_pole_coffin=\box40
\l__coffin_display_offset_dim=\dimen116
\l__coffin_display_x_dim=\dimen117
\l__coffin_display_y_dim=\dimen118
L3 Module: l3color 2014/08/23 v5354 L3 Experimental color support
L3 Module: l3candidates 2015/02/12 v5523 L3 Experimental additions to l3kernel
\l__box_top_dim=\dimen119
\l__box_bottom_dim=\dimen120
\l__box_left_dim=\dimen121
\l__box_right_dim=\dimen122
\l__box_top_new_dim=\dimen123
\l__box_bottom_new_dim=\dimen124
\l__box_left_new_dim=\dimen125
\l__box_right_new_dim=\dimen126
\l__box_internal_box=\box41
\l__coffin_bounding_shift_dim=\dimen127
\l__coffin_left_corner_dim=\dimen128
\l__coffin_right_corner_dim=\dimen129
\l__coffin_bottom_corner_dim=\dimen130
\l__coffin_top_corner_dim=\dimen131
\l__coffin_scaled_total_height_dim=\dimen132
\l__coffin_scaled_width_dim=\dimen133
)
(c:/Toolbox/texlive/2014/texmf-dist/tex/latex/l3kernel/l3unicode-data.def
File: l3unicode-data.def 2015/02/12 v5523 L3 Unicode data
)
(c:/Toolbox/texlive/2014/texmf-dist/tex/latex/l3kernel/l3pdfmode.def
File: l3pdfmode.def 2015/02/12 v5523 L3 Experimental driver: PDF mode
\l__driver_color_stack_int=\count113
))
(c:/Toolbox/texlive/2014/texmf-dist/tex/latex/l3packages/xparse/xparse.sty
Package: xparse 2014/11/25 v5471 L3 Experimental document command parser
\l__xparse_current_arg_int=\count114
\l__xparse_m_args_int=\count115
\l__xparse_mandatory_args_int=\count116
\l__xparse_processor_int=\count117
\l__xparse_v_nesting_int=\count118
)
(c:/Toolbox/texlive/2014/texmf-dist/tex/luatex/luaotfload/luaotfload.sty
Package: luaotfload 2014/08/10 v2.5-4 OpenType layout system

(c:/Toolbox/texlive/2014/texmf-dist/tex/luatex/luatexbase/luatexbase.sty
Package: luatexbase 2013/05/11 v0.6 Resource management for the LuaTeX macro pro
grammer

(c:/Toolbox/texlive/2014/texmf-dist/tex/generic/oberdiek/luatex.sty
Package: luatex 2010/03/09 v0.4 LuaTeX basic definition package (HO)
\LuT@AllocAttribute=\count277
\LuT@AllocCatcodeTable=\count278
\CatcodeTableStack=\count279
\CatcodeTableIniTeX=\catcodetable1
\CatcodeTableString=\catcodetable3
\CatcodeTableOther=\catcodetable5
\CatcodeTableLaTeX=\catcodetable7
)
(c:/Toolbox/texlive/2014/texmf-dist/tex/luatex/luatexbase/luatexbase-compat.sty
Package: luatexbase-compat 2011/05/24 v0.4 Compatibility tools for LuaTeX
)
(c:/Toolbox/texlive/2014/texmf-dist/tex/luatex/luatexbase/luatexbase-modutils.s
ty
Package: luatexbase-modutils 2013/05/11 v0.6 Module utilities for LuaTeX

(c:/Toolbox/texlive/2014/texmf-dist/tex/luatex/luatexbase/luatexbase-loader.sty
Package: luatexbase-loader 2013/05/11 v0.6 Lua module loader for LuaTeX
(c:/Toolbox/texlive/2014/texmf-dist/tex/luatex/luatexbase/luatexbase.loader.lua)
)
(c:/Toolbox/texlive/2014/texmf-dist/tex/luatex/luatexbase/modutils.lua)
Lua module: luatexbase-modutils 2013/05/11 0.6 Module utilities for LuaTeX
)
(c:/Toolbox/texlive/2014/texmf-dist/tex/luatex/luatexbase/luatexbase-regs.sty
Package: luatexbase-regs 2011/05/24 v0.4 Registers allocation for LuaTeX
)
(c:/Toolbox/texlive/2014/texmf-dist/tex/luatex/luatexbase/luatexbase-attr.sty
Package: luatexbase-attr 2013/05/11 v0.6 Attributes allocation for LuaTeX

(c:/Toolbox/texlive/2014/texmf-dist/tex/luatex/luatexbase/attr.lua)
Lua module: luatexbase-attr 2013/05/11 0.6 Attributes allocation for LuaTeX
\lltxb@attr@unsetvalue=\count280
)
(c:/Toolbox/texlive/2014/texmf-dist/tex/luatex/luatexbase/luatexbase-cctb.sty
Package: luatexbase-cctb 2013/05/11 v0.6 Catcodetable allocation for LuaTeX

(c:/Toolbox/texlive/2014/texmf-dist/tex/luatex/luatexbase/cctb.lua)
Lua module: luatexbase-cctb 2013/05/11 0.6 Catcodetable allocation for LuaTeX
\lltxb@catcodetable@alloc=\count281
\CatcodeTableStack=\count282
\CatcodeTableIniTeX=\luatexcatcodetable1
\CatcodeTableString=\luatexcatcodetable3
\CatcodeTableOther=\luatexcatcodetable5
\CatcodeTableLaTeX=\luatexcatcodetable7
\CatcodeTableLaTeXAtLetter=\luatexcatcodetable9
\CatcodeTableExpl=\luatexcatcodetable11
)
(c:/Toolbox/texlive/2014/texmf-dist/tex/luatex/luatexbase/luatexbase-mcb.sty
Package: luatexbase-mcb 2013/05/11 v0.6 Callback management for LuaTeX

(c:/Toolbox/texlive/2014/texmf-dist/tex/luatex/luatexbase/mcb.lua)
Lua module: luatexbase-mcb 2013/05/11 0.6 register several functions in a callba
ck
))
(c:/Toolbox/texlive/2014/texmf-dist/tex/luatex/luaotfload/luaotfload-main.lua)
Lua module: luaotfload-main 2014/08/10 2.50003 OpenType layout system.

(c:/Toolbox/texlive/2014/texmf-dist/tex/luatex/luaotfload/luaotfload-log.lua)
(c:/Toolbox/texlive/2014/texmf-dist/tex/luatex/luaotfload/luaotfload-fontloader.
lua)(using write cache: c:/Toolbox/texlive/2014/texmf-var/luatex-cache/generic)(
using read cache: c:/Toolbox/texlive/2014/texmf-var/luatex-cache/generic C:/User
s/Kevin/.texlive2014/texmf-var/luatex-cache/generic)
luatexbase-attr: luatexbase.attributes["luaotfload@kernpair"] = 1
luatexbase-attr: luatexbase.attributes["luaotfload@ligacomp"] = 2
luatexbase-attr: luatexbase.attributes["luaotfload@markbase"] = 3
luatexbase-attr: luatexbase.attributes["luaotfload@markmark"] = 4
luatexbase-attr: luatexbase.attributes["luaotfload@markdone"] = 5
luatexbase-attr: luatexbase.attributes["luaotfload@cursbase"] = 6
luatexbase-attr: luatexbase.attributes["luaotfload@curscurs"] = 7
luatexbase-attr: luatexbase.attributes["luaotfload@cursdone"] = 8
luatexbase-attr: luatexbase.attributes["luaotfload@state"] = 9
luaotfload | main : fontloader loaded in 0.031 seconds
luatexbase-mcb: inserting 'luaotfload.node_processor'
at position 1 in 'pre_linebreak_filter'
luatexbase-mcb: inserting 'luaotfload.node_processor'
at position 1 in 'hpack_filter'
luatexbase-mcb: inserting 'luaotfload.find_vf_file'
at position 1 in 'find_vf_file'
(c:/Toolbox/texlive/2014/texmf-dist/tex/luatex/luaotfload/luaotfload-override.lu
a)
(c:/Toolbox/texlive/2014/texmf-dist/tex/luatex/luaotfload/luaotfload-parsers.lua
)
(c:/Toolbox/texlive/2014/texmf-dist/tex/luatex/luaotfload/luaotfload-configurati
on.lua)
(c:/Toolbox/texlive/2014/texmf-dist/tex/luatex/luaotfload/luaotfload-status.lua)
luaotfload | conf : Root cache directory is c:/Toolbox/texlive/2014/texmf-var/lu
atex-cache/generic/names.
(c:/Toolbox/texlive/2014/texmf-dist/tex/luatex/luaotfload/luaotfload-loaders.lua
)
(c:/Toolbox/texlive/2014/texmf-dist/tex/luatex/luaotfload/luaotfload-database.lu
a)
(c:/Toolbox/texlive/2014/texmf-dist/tex/luatex/luaotfload/luaotfload-colors.lua)
luaotfload | conf : Root cache directory is c:/Toolbox/texlive/2014/texmf-var/lu
atex-cache/generic/names.
luatexbase-mcb: creating 'luaotfload.resolve_font' type 4
luatexbase-mcb: creating 'luaotfload.patch_font' type 4
luatexbase-mcb: resetting callback 'define_font'
luatexbase-mcb: inserting 'luaotfload.define_font'
at position 1 in 'define_font'
(c:/Toolbox/texlive/2014/texmf-dist/tex/luatex/luaotfload/luaotfload-features.lu
a)
(c:/Toolbox/texlive/2014/texmf-dist/tex/luatex/luaotfload/luaotfload-letterspace
.lua)
(c:/Toolbox/texlive/2014/texmf-dist/tex/luatex/luaotfload/luaotfload-auxiliary.l
ua)
luatexbase-mcb: inserting 'luaotfload.aux.set_sscale_dimens'
at position 1 in 'luaotfload.patch_font'
luatexbase-mcb: inserting 'luaotfload.aux.patch_cambria_domh'
at position 2 in 'luaotfload.patch_font'
luatexbase-mcb: inserting 'luaotfload.aux.set_capheight'
at position 3 in 'luaotfload.patch_font'
luatexbase-mcb: inserting 'luaotfload.rewrite_fontname'
at position 4 in 'luaotfload.patch_font')
(c:/Toolbox/texlive/2014/texmf-dist/tex/latex/fontspec/fontspec.lua)
Lua module: fontspec 2013/05/20 2.3c Advanced font selection for LuaLaTeX.
\l_fontspec_script_int=\count283
\l_fontspec_language_int=\count284
\l_fontspec_strnum_int=\count285
\l__fontspec_tmpa_dim=\dimen256
\l__fontspec_tmpb_dim=\dimen257
\l__fontspec_tmpc_dim=\dimen258
Variant \tl_gset:cV already defined; not changing it on line 71

(c:/Toolbox/texlive/2014/texmf-dist/tex/latex/fontspec/fontspec-patches.sty
Package: fontspec-patches 2014/06/21 v2.4a Font selection for XeLaTeX and LuaLaT
eX
LaTeX Info: Redefining \em on input line 38.
LaTeX Info: Redefining \emph on input line 46.
LaTeX Info: Redefining \- on input line 49.
.................................................
. LaTeX info: "xparse/redefine-command"
. 
. Redefining command \oldstylenums with sig. 'm' on line 144.
.................................................
.................................................
. LaTeX info: "xparse/define-command"
. 
. Defining command \liningnums with sig. 'm' on line 148.
.................................................
)
(c:/Toolbox/texlive/2014/texmf-dist/tex/latex/fontspec/fontspec-luatex.sty
Package: fontspec-luatex 2014/06/21 v2.4a Font selection for XeLaTeX and LuaLaTe
X

(c:/Toolbox/texlive/2014/texmf-dist/tex/latex/base/fontenc.sty
Package: fontenc 2005/09/27 v1.99g Standard LaTeX package

(c:/Toolbox/texlive/2014/texmf-dist/tex/latex/euenc/eu2enc.def
File: eu2enc.def 2010/05/27 v0.1h Experimental Unicode font encodings
)
LaTeX Font Info:    Try loading font information for EU2+lmr on input line 100.

(c:/Toolbox/texlive/2014/texmf-dist/tex/latex/euenc/eu2lmr.fd
File: eu2lmr.fd 2009/10/30 v1.6 Font defs for Latin Modern
)
luaotfload | db : Font names database loaded from c:/Toolbox/texlive/2014/texmf-
var/luatex-cache/generic/names/luaotfload-names.luc(load luc: c:/Toolbox/texlive
/2014/texmf-var/luatex-cache/generic/fonts/otf/lmroman10-regular.luc)) (c:/Tool
box/texlive/2014/texmf-dist/tex/xelatex/xunicode/xunicode.sty
File: xunicode.sty 2011/09/09 v0.981 provides access to latin accents and many o
ther characters in Unicode lower plane

(c:/Toolbox/texlive/2014/texmf-dist/tex/latex/tipa/t3enc.def
File: t3enc.def 2001/12/31 T3 encoding
(load luc: c:/Toolbox/texlive/2014/texmf-var/luatex-cache/generic/fonts/otf/lmro
manslant10-regular.luc)(load luc: c:/Toolbox/texlive/2014/texmf-var/luatex-cache
/generic/fonts/otf/lmroman10-italic.luc)(load luc: c:/Toolbox/texlive/2014/texmf
-var/luatex-cache/generic/fonts/otf/lmroman10-bold.luc)
LaTeX Font Info:    Try loading font information for EU2+lmss on input line 357.


(c:/Toolbox/texlive/2014/texmf-dist/tex/latex/euenc/eu2lmss.fd
File: eu2lmss.fd 2009/10/30 v1.6 Font defs for Latin Modern
)(load luc: c:/Toolbox/texlive/2014/texmf-var/luatex-cache/generic/fonts/otf/lms
ans10-regular.luc))
\tipaTiiicode=\count286
\tipasavetokens=\toks18
\tipachecktokens=\toks19
 (c:/Toolbox/texlive/2014/texmf-dist/tex/latex/graphics/graphicx.sty
Package: graphicx 2014/10/28 v1.0g Enhanced LaTeX Graphics (DPC,SPQR)

(c:/Toolbox/texlive/2014/texmf-dist/tex/latex/graphics/graphics.sty
Package: graphics 2014/10/28 v1.0p Standard LaTeX Graphics (DPC,SPQR)

(c:/Toolbox/texlive/2014/texmf-dist/tex/latex/graphics/trig.sty
Package: trig 1999/03/16 v1.09 sin cos tan (DPC)
)
(c:/Toolbox/texlive/2014/texmf-dist/tex/latex/latexconfig/graphics.cfg
File: graphics.cfg 2010/04/23 v1.9 graphics configuration of TeX Live
)
Package graphics Info: Driver file: pdftex.def on input line 91.

(c:/Toolbox/texlive/2014/texmf-dist/tex/latex/pdftex-def/pdftex.def
File: pdftex.def 2011/05/27 v0.06d Graphics/color for pdfTeX
\Gread@gobject=\count287
))
\Gin@req@height=\dimen259
\Gin@req@width=\dimen260
))
.................................................
. LaTeX info: "xparse/define-command"
. 
. Defining command \fontspec with sig. 'O{}mO{}' on line 44.
.................................................
.................................................
. LaTeX info: "xparse/define-command"
. 
. Defining command \setmainfont with sig. 'O{}mO{}' on line 50.
.................................................
.................................................
. LaTeX info: "xparse/define-command"
. 
. Defining command \setsansfont with sig. 'O{}mO{}' on line 56.
.................................................
.................................................
. LaTeX info: "xparse/define-command"
. 
. Defining command \setmonofont with sig. 'O{}mO{}' on line 62.
.................................................
.................................................
. LaTeX info: "xparse/define-command"
. 
. Defining command \setmathrm with sig. 'O{}mO{}' on line 71.
.................................................
.................................................
. LaTeX info: "xparse/define-command"
. 
. Defining command \setboldmathrm with sig. 'O{}mO{}' on line 75.
.................................................
.................................................
. LaTeX info: "xparse/define-command"
. 
. Defining command \setmathsf with sig. 'O{}mO{}' on line 79.
.................................................
.................................................
. LaTeX info: "xparse/define-command"
. 
. Defining command \setmathtt with sig. 'O{}mO{}' on line 83.
.................................................
.................................................
. LaTeX info: "xparse/define-command"
. 
. Defining command \newfontfamily with sig. 'mO{}mO{}' on line 102.
.................................................
.................................................
. LaTeX info: "xparse/define-command"
. 
. Defining command \newfontface with sig. 'mO{}mO{}' on line 106.
.................................................
.................................................
. LaTeX info: "xparse/define-command"
. 
. Defining command \defaultfontfeatures with sig. 't+om' on line 115.
.................................................
.................................................
. LaTeX info: "xparse/define-command"
. 
. Defining command \addfontfeatures with sig. 'm' on line 173.
.................................................
.................................................
. LaTeX info: "xparse/define-command"
. 
. Defining command \newfontfeature with sig. 'mm' on line 184.
.................................................
.................................................
. LaTeX info: "xparse/define-command"
. 
. Defining command \newAATfeature with sig. 'mmmm' on line 192.
.................................................
.................................................
. LaTeX info: "xparse/define-command"
. 
. Defining command \newopentypefeature with sig. 'mmm' on line 200.
.................................................
.................................................
. LaTeX info: "xparse/define-command"
. 
. Defining command \aliasfontfeature with sig. 'mm' on line 229.
.................................................
.................................................
. LaTeX info: "xparse/define-command"
. 
. Defining command \aliasfontfeatureoption with sig. 'mmm' on line 231.
.................................................
.................................................
. LaTeX info: "xparse/define-command"
. 
. Defining command \newfontscript with sig. 'mm' on line 236.
.................................................
.................................................
. LaTeX info: "xparse/define-command"
. 
. Defining command \newfontlanguage with sig. 'mm' on line 262.
.................................................
.................................................
. LaTeX info: "xparse/define-command"
. 
. Defining command \DeclareFontsExtensions with sig. 'm' on line 282.
.................................................
Variant \prop_gput:cnV already defined; not changing it on line 666
Variant \prop_gput:cnx already defined; not changing it on line 667
\l__fontspec_tmp_int=\count288
LaTeX Info: Redefining \itshape on input line 2117.
LaTeX Info: Redefining \slshape on input line 2122.
LaTeX Info: Redefining \scshape on input line 2127.
LaTeX Info: Redefining \upshape on input line 2132.

(c:/Toolbox/texlive/2014/texmf-dist/tex/latex/fontspec/fontspec.cfg)))
(c:/Toolbox/texlive/2014/texmf-dist/tex/generic/ifxetex/ifxetex.sty
Package: ifxetex 2010/09/12 v0.6 Provides ifxetex conditional
)
(c:/Toolbox/texlive/2014/texmf-dist/tex/latex/polyglossia/polyglossia.lua)
(c:/Toolbox/texlive/2014/texmf-dist/tex/luatex/hyph-utf8/luatex-hyphen.lua)
luatex-hyphen: using data file: c:/Toolbox/texlive/2014/texmf-var/tex/generic/co
nfig/language.dat.lua
Lua module: polyglossia 2013/05/11 1.3 Polyglossia
)
(c:/Toolbox/texlive/2014/texmf-dist/tex/latex/polyglossia/gloss-german.ldf
File: gloss-german.ldf polyglossia: module for german

(c:/Toolbox/texlive/2014/texmf-dist/tex/latex/polyglossia/babelsh.def
File: babelsh.def 2013/04/30 Babel common definitions for shorthands
 Taken verbatim from babel.def (2013/04/15 v3.9e)
)
Package polyglossia Info: Making " an active character on input line 68.
)
Package polyglossia Info: Default language is german.

(c:/Toolbox/texlive/2014/texmf-dist/tex/latex/amsmath/amsmath.sty
Package: amsmath 2013/01/14 v2.14 AMS math features
\@mathmargin=\skip256

For additional information on amsmath, use the `?' option.
(c:/Toolbox/texlive/2014/texmf-dist/tex/latex/amsmath/amstext.sty
Package: amstext 2000/06/29 v2.01

(c:/Toolbox/texlive/2014/texmf-dist/tex/latex/amsmath/amsgen.sty
File: amsgen.sty 1999/11/30 v2.0
\@emptytoks=\toks20
\ex@=\dimen261
))
(c:/Toolbox/texlive/2014/texmf-dist/tex/latex/amsmath/amsbsy.sty
Package: amsbsy 1999/11/29 v1.2d
\pmbraise@=\dimen262
)
(c:/Toolbox/texlive/2014/texmf-dist/tex/latex/amsmath/amsopn.sty
Package: amsopn 1999/12/14 v2.01 operator names
)
\inf@bad=\count289
LaTeX Info: Redefining \frac on input line 210.
\uproot@=\count290
\leftroot@=\count291
LaTeX Info: Redefining \overline on input line 306.
\classnum@=\count292
\DOTSCASE@=\count293
LaTeX Info: Redefining \ldots on input line 378.
LaTeX Info: Redefining \dots on input line 381.
LaTeX Info: Redefining \cdots on input line 466.
\Mathstrutbox@=\box256
\strutbox@=\box257
\big@size=\dimen263
LaTeX Font Info:    Redeclaring font encoding OML on input line 566.
LaTeX Font Info:    Redeclaring font encoding OMS on input line 567.
\macc@depth=\count294
\c@MaxMatrixCols=\count295
\dotsspace@=\muskip16
\c@parentequation=\count296
\dspbrk@lvl=\count297
\tag@help=\toks21
\row@=\count298
\column@=\count299
\maxfields@=\count300
\andhelp@=\toks22
\eqnshift@=\dimen264
\alignsep@=\dimen265
\tagshift@=\dimen266
\tagwidth@=\dimen267
\totwidth@=\dimen268
\lineht@=\dimen269
\@envbody=\toks23
\multlinegap=\skip257
\multlinetaggap=\skip258
\mathdisplay@stack=\toks24
LaTeX Info: Redefining \[ on input line 2665.
LaTeX Info: Redefining \] on input line 2666.
)
(c:/Toolbox/texlive/2014/texmf-dist/tex/latex/amsfonts/amssymb.sty
Package: amssymb 2013/01/14 v3.01 AMS font symbols

(c:/Toolbox/texlive/2014/texmf-dist/tex/latex/amsfonts/amsfonts.sty
Package: amsfonts 2013/01/14 v3.01 Basic AMSFonts support
\symAMSa=\mathgroup4
\symAMSb=\mathgroup5
LaTeX Font Info:    Overwriting math alphabet `\mathfrak' in version `bold'
(Font)                  U/euf/m/n --> U/euf/b/n on input line 106.
))
(c:/Toolbox/texlive/2014/texmf-dist/tex/latex/mathtools/mathtools.sty
Package: mathtools 2014/07/16 v1.15 mathematical typesetting tools

(c:/Toolbox/texlive/2014/texmf-dist/tex/latex/tools/calc.sty
Package: calc 2014/10/28 v4.3 Infix arithmetic (KKT,FJ)
\calc@Acount=\count301
\calc@Bcount=\count302
\calc@Adimen=\dimen270
\calc@Bdimen=\dimen271
\calc@Askip=\skip259
\calc@Bskip=\skip260
LaTeX Info: Redefining \setlength on input line 75.
LaTeX Info: Redefining \addtolength on input line 76.
\calc@Ccount=\count303
\calc@Cskip=\skip261
)
(c:/Toolbox/texlive/2014/texmf-dist/tex/latex/mathtools/mhsetup.sty
Package: mhsetup 2010/01/21 v1.2a programming setup (MH)
)
LaTeX Info: Thecontrolsequence`\('isalreadyrobust on input line 129.
LaTeX Info: Thecontrolsequence`\)'isalreadyrobust on input line 129.
LaTeX Info: Thecontrolsequence`\['isalreadyrobust on input line 129.
LaTeX Info: Thecontrolsequence`\]'isalreadyrobust on input line 129.
\g_MT_multlinerow_int=\count304
\l_MT_multwidth_dim=\dimen272
\origjot=\skip262
\l_MT_shortvdotswithinadjustabove_dim=\dimen273
\l_MT_shortvdotswithinadjustbelow_dim=\dimen274
\l_MT_above_intertext_sep=\dimen275
\l_MT_below_intertext_sep=\dimen276
\l_MT_above_shortintertext_sep=\dimen277
\l_MT_below_shortintertext_sep=\dimen278
)
(c:/Toolbox/texlive/2014/texmf-dist/tex/latex/csquotes/csquotes.sty
Package: csquotes 2011/10/22 v5.1d context-sensitive quotations
\csq@reset=\count305
\csq@gtype=\count306
\csq@glevel=\count307
\csq@qlevel=\count308
\csq@maxlvl=\count309
\csq@tshold=\count310
\csq@ltx@everypar=\toks25

(c:/Toolbox/texlive/2014/texmf-dist/tex/latex/csquotes/csquotes.def
File: csquotes.def 2011/10/22 v5.1d csquotes generic definitions
)
Package csquotes Info: Trying to load configuration file 'csquotes.cfg'...
Package csquotes Info: ... configuration file loaded successfully.

(c:/Toolbox/texlive/2014/texmf-dist/tex/latex/csquotes/csquotes.cfg
File: csquotes.cfg 
)
Package csquotes Info: Enabling multilingual quotes.
)
(c:/Toolbox/texlive/2014/texmf-dist/tex/latex/siunitx/siunitx.sty
Package: siunitx 2015/01/21 v2.6e A comprehensive (SI) units package

(c:/Toolbox/texlive/2014/texmf-dist/tex/latex/tools/array.sty
Package: array 2014/10/28 v2.4c Tabular extension package (FMi)
\col@sep=\dimen279
\extrarowheight=\dimen280
\NC@list=\toks26
\extratabsurround=\skip263
\backup@length=\skip264
)
(c:/Toolbox/texlive/2014/texmf-dist/tex/latex/l3packages/l3keys2e/l3keys2e.sty
Package: l3keys2e 2014/11/25 v5471 LaTeX2e option processing using LaTeX3 keys
)
Variant \tl_if_blank:VTF already defined; not changing it on line 50
\l__siunitx_tmp_box=\box258
\l__siunitx_tmp_dim=\dimen281
\l__siunitx_tmp_int=\count311
Variant \prop_get:NVNT already defined; not changing it on line 380
Variant \prop_get:NVNF already defined; not changing it on line 381
Variant \prop_get:NVNTF already defined; not changing it on line 382
\l__siunitx_number_mantissa_length_int=\count312
\l__siunitx_number_uncert_length_int=\count313
\l__siunitx_round_int=\count314
\l__siunitx_process_decimal_int=\count315
\l__siunitx_process_uncertainty_int=\count316
\l__siunitx_process_fixed_int=\count317
\l__siunitx_process_integer_min_int=\count318
\l__siunitx_process_precision_int=\count319
\l__siunitx_group_min_int=\count320
\l__siunitx_angle_marker_box=\box259
\l__siunitx_angle_unit_box=\box260
\l__siunitx_angle_marker_dim=\dimen282
\l__siunitx_angle_unit_dim=\dimen283
\l__siunitx_unit_int=\count321
\l__siunitx_unit_denominator_int=\count322
\l__siunitx_unit_numerator_int=\count323
\l__siunitx_unit_prefix_int=\count324
\l__siunitx_unit_prefix_base_int=\count325
\l__siunitx_unit_prefix_gram_int=\count326
\l__siunitx_number_product_int=\count327
\c__siunitx_one_fill_skip=\skip265
\l__siunitx_table_unit_align_skip=\skip266
\l__siunitx_table_exponent_dim=\dimen284
\l__siunitx_table_integer_dim=\dimen285
\l__siunitx_table_mantissa_dim=\dimen286
\l__siunitx_table_marker_dim=\dimen287
\l__siunitx_table_result_dim=\dimen288
\l__siunitx_table_uncert_dim=\dimen289
\l__siunitx_table_fill_pre_dim=\dimen290
\l__siunitx_table_fill_post_dim=\dimen291
\l__siunitx_table_fill_mid_dim=\dimen292
\l__siunitx_table_pre_box=\box261
\l__siunitx_table_post_box=\box262
\l__siunitx_table_mantissa_box=\box263
\l__siunitx_table_result_box=\box264
\l__siunitx_table_number_align_skip=\skip267
\l__siunitx_table_text_align_skip=\skip268
.................................................
. LaTeX info: "xparse/define-command"
. 
. Defining command \DeclareBinaryPrefix with sig. 'mmm' on line 7176.
.................................................
.................................................
. LaTeX info: "xparse/define-command"
. 
. Defining command \DeclareSIPostPower with sig. 'mm' on line 7179.
.................................................
.................................................
. LaTeX info: "xparse/define-command"
. 
. Defining command \DeclareSIPrefix with sig. 'mmm' on line 7182.
.................................................
.................................................
. LaTeX info: "xparse/define-command"
. 
. Defining command \DeclareSIPrePower with sig. 'mm' on line 7185.
.................................................
.................................................
. LaTeX info: "xparse/define-command"
. 
. Defining command \DeclareSIQualifier with sig. 'mm' on line 7188.
.................................................
.................................................
. LaTeX info: "xparse/define-command"
. 
. Defining command \DeclareSIUnit with sig. 'O{}mm' on line 7191.
.................................................
.................................................
. LaTeX info: "xparse/define-command"
. 
. Defining command \DeclareSIUnitWithOptions with sig. 'mmm' on line 7194.
.................................................
.................................................
. LaTeX info: "xparse/define-command"
. 
. Defining command \ang with sig. 'o>{\SplitArgument {2}{;}}m' on line 7209.
.................................................
.................................................
. LaTeX info: "xparse/define-command"
. 
. Defining command \num with sig. 'om' on line 7217.
.................................................
.................................................
. LaTeX info: "xparse/define-command"
. 
. Defining command \numlist with sig. 'o>{\SplitList {;}}m' on line 7225.
.................................................
.................................................
. LaTeX info: "xparse/define-command"
. 
. Defining command \numrange with sig. 'omm' on line 7233.
.................................................
.................................................
. LaTeX info: "xparse/define-command"
. 
. Defining command \SIlist with sig. 'o>{\SplitList {;}}mm' on line 7244.
.................................................
.................................................
. LaTeX info: "xparse/define-command"
. 
. Defining command \SIrange with sig. 'ommm' on line 7255.
.................................................
.................................................
. LaTeX info: "xparse/define-command"
. 
. Defining command \SI with sig. 'omom' on line 7266.
.................................................
.................................................
. LaTeX info: "xparse/define-command"
. 
. Defining command \sisetup with sig. 'm' on line 7269.
.................................................
.................................................
. LaTeX info: "xparse/define-command"
. 
. Defining command \tablenum with sig. 'om' on line 7281.
.................................................
.................................................
. LaTeX info: "xparse/define-command"
. 
. Defining command \si with sig. 'om' on line 7292.
.................................................
.................................................
. LaTeX info: "xparse/define-command"
. 
. Defining command \__siunitx_bookmark_num:w with sig. 'om' on line 7339.
.................................................
.................................................
. LaTeX info: "xparse/define-command"
. 
. Defining command \__siunitx_bookmark_numrange:w with sig. 'omm' on line
. 7341.
.................................................
.................................................
. LaTeX info: "xparse/define-command"
. 
. Defining command \__siunitx_bookmark_SI:w with sig. 'omom' on line 7343.
.................................................
.................................................
. LaTeX info: "xparse/define-command"
. 
. Defining command \__siunitx_bookmark_SIlist:w with sig. 'omm' on line 7345.
.................................................
.................................................
. LaTeX info: "xparse/define-command"
. 
. Defining command \__siunitx_bookmark_SIrange:w with sig. 'ommm' on line
. 7347.
.................................................
.................................................
. LaTeX info: "xparse/define-command"
. 
. Defining command \__siunitx_bookmark_si:w with sig. 'om' on line 7348.
.................................................
\g__file_internal_ior=\read1

(c:/Toolbox/texlive/2014/texmf-dist/tex/latex/beamer/translator/translator.sty
Package: translator 2010/06/12 ver 1.10

(c:/Toolbox/texlive/2014/texmf-dist/tex/latex/beamer/translator/translator-lang
uage-mappings.tex)))
(c:/Toolbox/texlive/2014/texmf-dist/tex/latex/mhchem/mhchem.sty
Package: mhchem 2015/02/09 v3.19 for typesetting chemical formulae

(c:/Toolbox/texlive/2014/texmf-dist/tex/latex/base/ifthen.sty
Package: ifthen 2014/09/29 v1.1c Standard LaTeX ifthen package (DPC)
)
\__mhchem_option_version_int=\count328
Variant \str_if_eq:VnTF already defined; not changing it on line 94
\mhchem@arrow@params=\toks27
\mhchem@arrowlength@pgf=\skip269
\mhchem@bondwidth=\skip270
\mhchem@bondheight=\skip271
\mhchem@smallbondwidth@tmpA=\skip272
\mhchem@smallbondwidth@tmpB=\skip273
\mhchem@smallbondwidth=\skip274
\mhchem@prepostscript@tmp@i=\skip275
\mhchem@prepostscript@tmp@ii=\skip276
\mhchem@mathbox@tmp@i=\skip277
\mhchem@mathbox@tmp@ii=\skip278
\mhchem@minispace@tmp=\skip279
\mhchem@option@minussidebearingleft=\skip280
\mhchem@option@minussidebearingright=\skip281
)
(c:/Toolbox/texlive/2014/texmf-dist/tex/latex/l3packages/xfrac/xfrac.sty
(c:/Toolbox/texlive/2014/texmf-dist/tex/latex/base/textcomp.sty
Package: textcomp 2005/09/27 v1.99g Standard LaTeX package
Package textcomp Info: Sub-encoding information:
(textcomp)               5 = only ISO-Adobe without \textcurrency
(textcomp)               4 = 5 + \texteuro
(textcomp)               3 = 4 + \textohm
(textcomp)               2 = 3 + \textestimated + \textcurrency
(textcomp)               1 = TS1 - \textcircled - \t
(textcomp)               0 = TS1 (full)
(textcomp)             Font families with sub-encoding setting implement
(textcomp)             only a restricted character set as indicated.
(textcomp)             Family '?' is the default used for unknown fonts.
(textcomp)             See the documentation for details.
Package textcomp Info: Setting ? sub-encoding to TS1/1 on input line 71.

(c:/Toolbox/texlive/2014/texmf-dist/tex/latex/base/ts1enc.def
File: ts1enc.def 2001/06/05 v3.0e (jk/car/fm) Standard LaTeX file
)
LaTeX Info: Redefining \oldstylenums on input line 266.
Package textcomp Info: Setting cmr sub-encoding to TS1/0 on input line 281.
Package textcomp Info: Setting cmss sub-encoding to TS1/0 on input line 282.
Package textcomp Info: Setting cmtt sub-encoding to TS1/0 on input line 283.
Package textcomp Info: Setting cmvtt sub-encoding to TS1/0 on input line 284.
Package textcomp Info: Setting cmbr sub-encoding to TS1/0 on input line 285.
Package textcomp Info: Setting cmtl sub-encoding to TS1/0 on input line 286.
Package textcomp Info: Setting ccr sub-encoding to TS1/0 on input line 287.
Package textcomp Info: Setting ptm sub-encoding to TS1/4 on input line 288.
Package textcomp Info: Setting pcr sub-encoding to TS1/4 on input line 289.
Package textcomp Info: Setting phv sub-encoding to TS1/4 on input line 290.
Package textcomp Info: Setting ppl sub-encoding to TS1/3 on input line 291.
Package textcomp Info: Setting pag sub-encoding to TS1/4 on input line 292.
Package textcomp Info: Setting pbk sub-encoding to TS1/4 on input line 293.
Package textcomp Info: Setting pnc sub-encoding to TS1/4 on input line 294.
Package textcomp Info: Setting pzc sub-encoding to TS1/4 on input line 295.
Package textcomp Info: Setting bch sub-encoding to TS1/4 on input line 296.
Package textcomp Info: Setting put sub-encoding to TS1/5 on input line 297.
Package textcomp Info: Setting uag sub-encoding to TS1/5 on input line 298.
Package textcomp Info: Setting ugq sub-encoding to TS1/5 on input line 299.
Package textcomp Info: Setting ul8 sub-encoding to TS1/4 on input line 300.
Package textcomp Info: Setting ul9 sub-encoding to TS1/4 on input line 301.
Package textcomp Info: Setting augie sub-encoding to TS1/5 on input line 302.
Package textcomp Info: Setting dayrom sub-encoding to TS1/3 on input line 303.
Package textcomp Info: Setting dayroms sub-encoding to TS1/3 on input line 304.
Package textcomp Info: Setting pxr sub-encoding to TS1/0 on input line 305.
Package textcomp Info: Setting pxss sub-encoding to TS1/0 on input line 306.
Package textcomp Info: Setting pxtt sub-encoding to TS1/0 on input line 307.
Package textcomp Info: Setting txr sub-encoding to TS1/0 on input line 308.
Package textcomp Info: Setting txss sub-encoding to TS1/0 on input line 309.
Package textcomp Info: Setting txtt sub-encoding to TS1/0 on input line 310.
Package textcomp Info: Setting lmr sub-encoding to TS1/0 on input line 311.
Package textcomp Info: Setting lmdh sub-encoding to TS1/0 on input line 312.
Package textcomp Info: Setting lmss sub-encoding to TS1/0 on input line 313.
Package textcomp Info: Setting lmssq sub-encoding to TS1/0 on input line 314.
Package textcomp Info: Setting lmvtt sub-encoding to TS1/0 on input line 315.
Package textcomp Info: Setting qhv sub-encoding to TS1/0 on input line 316.
Package textcomp Info: Setting qag sub-encoding to TS1/0 on input line 317.
Package textcomp Info: Setting qbk sub-encoding to TS1/0 on input line 318.
Package textcomp Info: Setting qcr sub-encoding to TS1/0 on input line 319.
Package textcomp Info: Setting qcs sub-encoding to TS1/0 on input line 320.
Package textcomp Info: Setting qpl sub-encoding to TS1/0 on input line 321.
Package textcomp Info: Setting qtm sub-encoding to TS1/0 on input line 322.
Package textcomp Info: Setting qzc sub-encoding to TS1/0 on input line 323.
Package textcomp Info: Setting qhvc sub-encoding to TS1/0 on input line 324.
Package textcomp Info: Setting futs sub-encoding to TS1/4 on input line 325.
Package textcomp Info: Setting futx sub-encoding to TS1/4 on input line 326.
Package textcomp Info: Setting futj sub-encoding to TS1/4 on input line 327.
Package textcomp Info: Setting hlh sub-encoding to TS1/3 on input line 328.
Package textcomp Info: Setting hls sub-encoding to TS1/3 on input line 329.
Package textcomp Info: Setting hlst sub-encoding to TS1/3 on input line 330.
Package textcomp Info: Setting hlct sub-encoding to TS1/5 on input line 331.
Package textcomp Info: Setting hlx sub-encoding to TS1/5 on input line 332.
Package textcomp Info: Setting hlce sub-encoding to TS1/5 on input line 333.
Package textcomp Info: Setting hlcn sub-encoding to TS1/5 on input line 334.
Package textcomp Info: Setting hlcw sub-encoding to TS1/5 on input line 335.
Package textcomp Info: Setting hlcf sub-encoding to TS1/5 on input line 336.
Package textcomp Info: Setting pplx sub-encoding to TS1/3 on input line 337.
Package textcomp Info: Setting pplj sub-encoding to TS1/3 on input line 338.
Package textcomp Info: Setting ptmx sub-encoding to TS1/4 on input line 339.
Package textcomp Info: Setting ptmj sub-encoding to TS1/4 on input line 340.
)
(c:/Toolbox/texlive/2014/texmf-dist/tex/latex/l3packages/xtemplate/xtemplate.st
y
Package: xtemplate 2014/11/25 v5471 L3 Experimental prototype document functions

\l__xtemplate_tmp_dim=\dimen293
\l__xtemplate_tmp_int=\count329
\l__xtemplate_tmp_muskip=\muskip17
\l__xtemplate_tmp_skip=\skip282
Variant \prop_get:NoNTF already defined; not changing it on line 106
Variant \prop_get:NoNT already defined; not changing it on line 107
Variant \prop_get:NoNF already defined; not changing it on line 108
)
Package: xfrac 2014/05/04 v4728 L3 Experimental split-level fractions
\l__xfrac_slash_box=\box265
\l__xfrac_tmp_box=\box266
\l__xfrac_denominator_bot_sep_dim=\dimen294
\l__xfrac_numerator_bot_sep_dim=\dimen295
\l__xfrac_numerator_top_sep_dim=\dimen296
\l__xfrac_slash_left_sep_dim=\dimen297
\l__xfrac_slash_right_sep_dim=\dimen298
\l__xfrac_slash_left_muskip=\muskip18
\l__xfrac_slash_right_muskip=\muskip19
.................................................
. xtemplate info: "declare-object-type"
. 
. Declaring object type 'xfrac' taking 3 argument(s) on line 96.
.................................................
.................................................
. LaTeX info: "xparse/define-command"
. 
. Defining command \sfrac with sig. 'omom' on line 436.
.................................................
) (c:/Toolbox/texlive/2014/texmf-dist/tex/latex/placeins/placeins.sty
Package: placeins 2005/04/18  v 2.2
)
(c:/Toolbox/texlive/2014/texmf-dist/tex/latex/caption/caption.sty
Package: caption 2013/05/02 v3.3-89 Customizing captions (AR)

(c:/Toolbox/texlive/2014/texmf-dist/tex/latex/caption/caption3.sty
Package: caption3 2013/05/02 v1.6-88 caption3 kernel (AR)
Package caption3 Info: TeX engine: e-TeX on input line 57.
\captionmargin=\dimen299
\captionmargin@=\dimen300
\captionwidth=\dimen301
\caption@tempdima=\dimen302
\caption@indent=\dimen303
\caption@parindent=\dimen304
\caption@hangindent=\dimen305
)
Package caption Info: KOMA-Script document class.
\c@ContinuedFloat=\count330
)
(c:/Toolbox/texlive/2014/texmf-dist/tex/latex/caption/subcaption.sty
Package: subcaption 2013/02/03 v1.1-62 Sub-captions (AR)
\c@subfigure=\count331
\c@subtable=\count332
)
(c:/Toolbox/texlive/2014/texmf-dist/tex/latex/oberdiek/grffile.sty
Package: grffile 2012/04/05 v1.16 Extended file name support for graphics (HO)
Package grffile Info: Option `multidot' is set to `true'.
Package grffile Info: Option `extendedchars' is set to `false'.
Package grffile Info: Option `space' is set to `true'.
Package grffile Info: \Gin@ii of package `graphicx' fixed on input line 486.
)
(c:/Toolbox/texlive/2014/texmf-dist/tex/latex/pdfpages/pdfpages.sty
Package: pdfpages 2013/08/25 v0.4v Insert pages of external PDF documents (AM)

(c:/Toolbox/texlive/2014/texmf-dist/tex/latex/eso-pic/eso-pic.sty
Package: eso-pic 2013/10/06 v2.0d eso-pic (RN)

(c:/Toolbox/texlive/2014/texmf-dist/tex/generic/oberdiek/atbegshi.sty
Package: atbegshi 2011/10/05 v1.16 At begin shipout hook (HO)
)
(c:/Toolbox/texlive/2014/texmf-dist/tex/latex/xcolor/xcolor.sty
Package: xcolor 2007/01/21 v2.11 LaTeX color extensions (UK)

(c:/Toolbox/texlive/2014/texmf-dist/tex/latex/latexconfig/color.cfg
File: color.cfg 2007/01/18 v1.5 color configuration of teTeX/TeXLive
)
Package xcolor Info: Driver file: pdftex.def on input line 225.
Package xcolor Info: Model `cmy' substituted by `cmy0' on input line 1337.
Package xcolor Info: Model `hsb' substituted by `rgb' on input line 1341.
Package xcolor Info: Model `RGB' extended on input line 1353.
Package xcolor Info: Model `HTML' substituted by `rgb' on input line 1355.
Package xcolor Info: Model `Hsb' substituted by `hsb' on input line 1356.
Package xcolor Info: Model `tHsb' substituted by `hsb' on input line 1357.
Package xcolor Info: Model `HSB' substituted by `hsb' on input line 1358.
Package xcolor Info: Model `Gray' substituted by `gray' on input line 1359.
Package xcolor Info: Model `wave' substituted by `hsb' on input line 1360.
))
(c:/Toolbox/texlive/2014/texmf-dist/tex/latex/pdfpages/pppdftex.def
File: pppdftex.def 2013/08/25 v0.4v Pdfpages driver for pdfTeX (AM)
)
\AM@pagebox=\box267
\AM@toc@title=\toks28
\c@AM@survey=\count333
\AM@templatesizebox=\box268
)
(c:/Toolbox/texlive/2014/texmf-dist/tex/latex/float/float.sty
Package: float 2001/11/08 v1.3d Float enhancements (AL)
\c@float@type=\count334
\float@exts=\toks29
\float@box=\box269
\@float@everytoks=\toks30
\@floatcapt=\box270
)
(c:/Toolbox/texlive/2014/texmf-dist/tex/latex/booktabs/booktabs.sty
Package: booktabs 2005/04/14 v1.61803 publication quality tables
\heavyrulewidth=\dimen306
\lightrulewidth=\dimen307
\cmidrulewidth=\dimen308
\belowrulesep=\dimen309
\belowbottomsep=\dimen310
\aboverulesep=\dimen311
\abovetopsep=\dimen312
\cmidrulesep=\dimen313
\cmidrulekern=\dimen314
\defaultaddspace=\dimen315
\@cmidla=\count335
\@cmidlb=\count336
\@aboverulesep=\dimen316
\@belowrulesep=\dimen317
\@thisruleclass=\count337
\@lastruleclass=\count338
\@thisrulewidth=\dimen318
)
(c:/Toolbox/texlive/2014/texmf-dist/tex/latex/multirow/multirow.sty
\bigstrutjot=\dimen319
)
(c:/Toolbox/texlive/2014/texmf-dist/tex/latex/was/upgreek.sty
Package: upgreek 2003/02/12 v2.0 (WaS)
Package upgreek Info: Using Euler Roman for upright Greek on input line 31.
\symugrf@m=\mathgroup6
LaTeX Font Info:    Overwriting symbol font `ugrf@m' in version `bold'
(Font)                  U/eur/m/n --> U/eur/b/n on input line 38.
)
(c:/Toolbox/texlive/2014/texmf-dist/tex/latex/oberdiek/pdflscape.sty
Package: pdflscape 2008/08/11 v0.10 Display of landscape pages in PDF (HO)

(c:/Toolbox/texlive/2014/texmf-dist/tex/latex/graphics/lscape.sty
Package: lscape 2000/10/22 v3.01 Landscape Pages (DPC)
)
Package pdflscape Info: Auto-detected driver: pdftex on input line 80.
)
(c:/Toolbox/texlive/2014/texmf-dist/tex/latex/biblatex/biblatex.sty
Package: biblatex 2014/06/25 v2.9a programmable bibliographies (PK/JW/AB)


Package biblatex Warning: No "backend" specified, using Biber backend.
(biblatex)                To use BibTeX, load biblatex with 
(biblatex)                the "backend=bibtex" option.

(c:/Toolbox/texlive/2014/texmf-dist/tex/latex/biblatex/biblatex2.sty
Package: biblatex2 2014/06/25 v2.9a programmable bibliographies (biber) (PK/JW/A
B)

(c:/Toolbox/texlive/2014/texmf-dist/tex/latex/logreq/logreq.sty
Package: logreq 2010/08/04 v1.0 xml request logger
\lrq@indent=\count339

(c:/Toolbox/texlive/2014/texmf-dist/tex/latex/logreq/logreq.def
File: logreq.def 2010/08/04 v1.0 logreq spec v1.0
))
(c:/Toolbox/texlive/2014/texmf-dist/tex/latex/url/url.sty
\Urlmuskip=\muskip20
Package: url 2013/09/16  ver 3.4  Verb mode for urls, etc.
)
\c@tabx@nest=\count340
\c@listtotal=\count341
\c@listcount=\count342
\c@liststart=\count343
\c@liststop=\count344
\c@citecount=\count345
\c@citetotal=\count346
\c@multicitecount=\count347
\c@multicitetotal=\count348
\c@instcount=\count349
\c@maxnames=\count350
\c@minnames=\count351
\c@maxitems=\count352
\c@minitems=\count353
\c@citecounter=\count354
\c@savedcitecounter=\count355
\c@uniquelist=\count356
\c@uniquename=\count357
\c@refsection=\count358
\c@refsegment=\count359
\c@maxextratitle=\count360
\c@maxextratitleyear=\count361
\c@maxextrayear=\count362
\c@maxextraalpha=\count363
\c@abbrvpenalty=\count364
\c@highnamepenalty=\count365
\c@lownamepenalty=\count366
\c@maxparens=\count367
\c@parenlevel=\count368
\blx@tempcnta=\count369
\blx@tempcntb=\count370
\blx@tempcntc=\count371
\blx@maxsection=\count372
\blx@maxsegment@0=\count373
\blx@notetype=\count374
\blx@parenlevel@text=\count375
\blx@parenlevel@foot=\count376
\blx@sectionciteorder@0=\count377
\labelnumberwidth=\skip283
\labelalphawidth=\skip284
\biblabelsep=\skip285
\bibitemsep=\skip286
\bibnamesep=\skip287
\bibinitsep=\skip288
\bibparsep=\skip289
\bibhang=\skip290
\blx@bcfin=\read2
\blx@bcfout=\write3
\c@mincomprange=\count378
\c@maxcomprange=\count379
\c@mincompwidth=\count380
Package biblatex Info: Trying to load biblatex default data model...
Package biblatex Info: ... file 'blx-dm.def' found.

(c:/Toolbox/texlive/2014/texmf-dist/tex/latex/biblatex/blx-dm.def)
Package biblatex Info: Trying to load biblatex custom data model...
Package biblatex Info: ... file 'biblatex-dm.cfg' not found.
\c@afterword=\count381
\c@savedafterword=\count382
\c@annotator=\count383
\c@savedannotator=\count384
\c@author=\count385
\c@savedauthor=\count386
\c@bookauthor=\count387
\c@savedbookauthor=\count388
\c@commentator=\count389
\c@savedcommentator=\count390
\c@editor=\count391
\c@savededitor=\count392
\c@editora=\count393
\c@savededitora=\count394
\c@editorb=\count395
\c@savededitorb=\count396
\c@editorc=\count397
\c@savededitorc=\count398
\c@foreword=\count399
\c@savedforeword=\count400
\c@holder=\count401
\c@savedholder=\count402
\c@introduction=\count403
\c@savedintroduction=\count404
\c@namea=\count405
\c@savednamea=\count406
\c@nameb=\count407
\c@savednameb=\count408
\c@namec=\count409
\c@savednamec=\count410
\c@translator=\count411
\c@savedtranslator=\count412
\c@shortauthor=\count413
\c@savedshortauthor=\count414
\c@shorteditor=\count415
\c@savedshorteditor=\count416
\c@labelname=\count417
\c@savedlabelname=\count418
\c@institution=\count419
\c@savedinstitution=\count420
\c@lista=\count421
\c@savedlista=\count422
\c@listb=\count423
\c@savedlistb=\count424
\c@listc=\count425
\c@savedlistc=\count426
\c@listd=\count427
\c@savedlistd=\count428
\c@liste=\count429
\c@savedliste=\count430
\c@listf=\count431
\c@savedlistf=\count432
\c@location=\count433
\c@savedlocation=\count434
\c@organization=\count435
\c@savedorganization=\count436
\c@origlocation=\count437
\c@savedoriglocation=\count438
\c@origpublisher=\count439
\c@savedorigpublisher=\count440
\c@publisher=\count441
\c@savedpublisher=\count442
\c@language=\count443
\c@savedlanguage=\count444
\c@pageref=\count445
\c@savedpageref=\count446
\shorthandwidth=\skip291
\shortjournalwidth=\skip292
\shortserieswidth=\skip293
\shorttitlewidth=\skip294
\shortauthorwidth=\skip295
\shorteditorwidth=\skip296
Package biblatex Info: Trying to load compatibility code...
Package biblatex Info: ... file 'blx-compat.def' found.

(c:/Toolbox/texlive/2014/texmf-dist/tex/latex/biblatex/blx-compat.def
File: blx-compat.def 2014/06/25 v2.9a biblatex compatibility (PK/JW/AB)
)
Package biblatex Info: Trying to load generic definitions...
Package biblatex Info: ... file 'biblatex.def' found.

(c:/Toolbox/texlive/2014/texmf-dist/tex/latex/biblatex/biblatex.def
File: biblatex.def 
\c@textcitecount=\count447
\c@textcitetotal=\count448
\c@textcitemaxnames=\count449
\c@biburlnumpenalty=\count450
\c@biburlucpenalty=\count451
\c@biburllcpenalty=\count452
\c@smartand=\count453
)
Package biblatex Info: Trying to load bibliography style 'numeric'...
Package biblatex Info: ... file 'numeric.bbx' found.

(c:/Toolbox/texlive/2014/texmf-dist/tex/latex/biblatex/bbx/numeric.bbx
File: numeric.bbx 2014/06/25 v2.9a biblatex bibliography style (PK/JW/AB)
Package biblatex Info: Trying to load bibliography style 'standard'...
Package biblatex Info: ... file 'standard.bbx' found.

(c:/Toolbox/texlive/2014/texmf-dist/tex/latex/biblatex/bbx/standard.bbx
File: standard.bbx 2014/06/25 v2.9a biblatex bibliography style (PK/JW/AB)
\c@bbx:relatedcount=\count454
\c@bbx:relatedtotal=\count455
))
Package biblatex Info: Trying to load citation style 'numeric'...
Package biblatex Info: ... file 'numeric.cbx' found.

(c:/Toolbox/texlive/2014/texmf-dist/tex/latex/biblatex/cbx/numeric.cbx
File: numeric.cbx 2014/06/25 v2.9a biblatex citation style (PK/JW/AB)
Package biblatex Info: Redefining '\cite'.
Package biblatex Info: Redefining '\parencite'.
Package biblatex Info: Redefining '\footcite'.
Package biblatex Info: Redefining '\footcitetext'.
Package biblatex Info: Redefining '\smartcite'.
Package biblatex Info: Redefining '\supercite'.
Package biblatex Info: Redefining '\textcite'.
Package biblatex Info: Redefining '\textcites'.
Package biblatex Info: Redefining '\cites'.
Package biblatex Info: Redefining '\parencites'.
Package biblatex Info: Redefining '\smartcites'.
)
Package biblatex Info: Trying to load configuration file...
Package biblatex Info: ... file 'biblatex.cfg' found.

(c:/Toolbox/texlive/2014/texmf-dist/tex/latex/biblatex/biblatex.cfg
File: biblatex.cfg 
)))
(c:/Toolbox/texlive/2014/texmf-dist/tex/latex/ziffer/ziffer.sty)
(c:/Toolbox/texlive/2014/texmf-dist/tex/latex/hyperref/hyperref.sty
Package: hyperref 2012/11/06 v6.83m Hypertext links for LaTeX

(c:/Toolbox/texlive/2014/texmf-dist/tex/generic/oberdiek/hobsub-hyperref.sty
Package: hobsub-hyperref 2012/05/28 v1.13 Bundle oberdiek, subset hyperref (HO)

(c:/Toolbox/texlive/2014/texmf-dist/tex/generic/oberdiek/hobsub-generic.sty
Package: hobsub-generic 2012/05/28 v1.13 Bundle oberdiek, subset generic (HO)
Package: hobsub 2012/05/28 v1.13 Construct package bundles (HO)
Package hobsub Info: Skipping package `infwarerr' (already loaded).
Package hobsub Info: Skipping package `ltxcmds' (already loaded).
Package hobsub Info: Skipping package `ifluatex' (already loaded).
Package: ifvtex 2010/03/01 v1.5 Detect VTeX and its facilities (HO)
Package ifvtex Info: VTeX not detected.
Package: intcalc 2007/09/27 v1.1 Expandable calculations with integers (HO)
Package hobsub Info: Skipping package `ifpdf' (already loaded).
Package hobsub Info: Skipping package `etexcmds' (already loaded).
Package hobsub Info: Skipping package `kvsetkeys' (already loaded).
Package: kvdefinekeys 2011/04/07 v1.3 Define keys (HO)
Package hobsub Info: Skipping package `luatex-loader' (already loaded).
Package hobsub Info: Skipping package `pdftexcmds' (already loaded).
Package: pdfescape 2011/11/25 v1.13 Implements pdfTeX's escape features (HO)
Package hobsub Info: Skipping package `bigintcalc' (already loaded).
Package: bitset 2011/01/30 v1.1 Handle bit-vector datatype (HO)
Package hobsub Info: Skipping package `uniquecounter' (already loaded).
)
Package hobsub Info: Skipping package `hobsub' (already loaded).
Package: letltxmacro 2010/09/02 v1.4 Let assignment for LaTeX macros (HO)
Package: hopatch 2012/05/28 v1.2 Wrapper for package hooks (HO)
Package: xcolor-patch 2011/01/30 xcolor patch
Package hobsub Info: Skipping package `atveryend' (already loaded).
Package hobsub Info: Skipping package `atbegshi' (already loaded).
Package: refcount 2011/10/16 v3.4 Data extraction from label references (HO)
Package: hycolor 2011/01/30 v1.7 Color options for hyperref/bookmark (HO)
)
(c:/Toolbox/texlive/2014/texmf-dist/tex/latex/oberdiek/auxhook.sty
Package: auxhook 2011/03/04 v1.3 Hooks for auxiliary files (HO)
)
\@linkdim=\dimen320
\Hy@linkcounter=\count456
\Hy@pagecounter=\count457

(c:/Toolbox/texlive/2014/texmf-dist/tex/latex/hyperref/pd1enc.def
File: pd1enc.def 2012/11/06 v6.83m Hyperref: PDFDocEncoding definition (HO)
)
\Hy@SavedSpaceFactor=\count458

(c:/Toolbox/texlive/2014/texmf-dist/tex/latex/latexconfig/hyperref.cfg
File: hyperref.cfg 2002/06/06 v1.2 hyperref configuration of TeXLive
)
Package hyperref Info: Option `unicode' set `true' on input line 4319.

(c:/Toolbox/texlive/2014/texmf-dist/tex/latex/hyperref/puenc.def
File: puenc.def 2012/11/06 v6.83m Hyperref: PDF Unicode definition (HO)
)
Package hyperref Info: Option `pdfusetitle' set `true' on input line 4319.
Package hyperref Info: Hyper figures OFF on input line 4443.
Package hyperref Info: Link nesting OFF on input line 4448.
Package hyperref Info: Hyper index ON on input line 4451.
Package hyperref Info: Plain pages OFF on input line 4458.
Package hyperref Info: Backreferencing OFF on input line 4463.
Package hyperref Info: Implicit mode ON; LaTeX internals redefined.
Package hyperref Info: Bookmarks ON on input line 4688.
\c@Hy@tempcnt=\count459
LaTeX Info: Redefining \url on input line 5041.
\XeTeXLinkMargin=\dimen321
\Fld@menulength=\count460
\Field@Width=\dimen322
\Fld@charsize=\dimen323
Package hyperref Info: Hyper figures OFF on input line 6295.
Package hyperref Info: Link nesting OFF on input line 6300.
Package hyperref Info: Hyper index ON on input line 6303.
Package hyperref Info: backreferencing OFF on input line 6310.
Package hyperref Info: Link coloring OFF on input line 6315.
Package hyperref Info: Link coloring with OCG OFF on input line 6320.
Package hyperref Info: PDF/A mode OFF on input line 6325.
LaTeX Info: Redefining \ref on input line 6365.
LaTeX Info: Redefining \pageref on input line 6369.
\Hy@abspage=\count461
\c@Item=\count462
\c@Hfootnote=\count463
)

Package hyperref Message: Driver (autodetected): hpdftex.

(c:/Toolbox/texlive/2014/texmf-dist/tex/latex/hyperref/hpdftex.def
File: hpdftex.def 2012/11/06 v6.83m Hyperref driver for pdfTeX
\Fld@listcount=\count464
\c@bookmark@seq@number=\count465
\Hy@SectionHShift=\skip297
)
(c:/Toolbox/texlive/2014/texmf-dist/tex/latex/oberdiek/bookmark.sty
Package: bookmark 2011/12/02 v1.24 PDF bookmarks (HO)

(c:/Toolbox/texlive/2014/texmf-dist/tex/latex/oberdiek/bkm-pdftex.def
File: bkm-pdftex.def 2011/12/02 v1.24 bookmark driver for pdfTeX (HO)
\BKM@id=\count466
))
(c:/Toolbox/texlive/2014/texmf-dist/tex/latex/ncctools/extdash.sty
Package: extdash 2005/01/29 v1.2 Extended Dash Package (NCC)
))
Package csquotes Info: Checking for multilingual support...
Package csquotes Info: ... found 'polyglossia' package.


Package csquotes Warning: Using preliminary 'polyglossia' interface.
(csquotes)                Some of the multilingual features may not
(csquotes)                work as expected.

Package biblatex Info: Trying to load language 'german'...
Package biblatex Info: ... file 'german.lbx' found.
(c:/Toolbox/texlive/2014/texmf-dist/tex/latex/biblatex/lbx/german.lbx
File: german.lbx 2014/06/25 v2.9a biblatex localization (PK/JW/AB)
)
(./mainV21.aux
luatex-hyphen: loading patterns and exceptions for: ngerman (\language31)
luatex-hyphen: info: no hyphenation exceptions for this language)
LaTeX Font Info:    Checking defaults for OML/cmm/m/it on input line 15.
LaTeX Font Info:    ... okay on input line 15.
LaTeX Font Info:    Checking defaults for T1/cmr/m/n on input line 15.
LaTeX Font Info:    ... okay on input line 15.
LaTeX Font Info:    Checking defaults for OT1/cmr/m/n on input line 15.
LaTeX Font Info:    ... okay on input line 15.
LaTeX Font Info:    Checking defaults for OMS/cmsy/m/n on input line 15.
LaTeX Font Info:    ... okay on input line 15.
LaTeX Font Info:    Checking defaults for OMX/cmex/m/n on input line 15.
LaTeX Font Info:    ... okay on input line 15.
LaTeX Font Info:    Checking defaults for U/cmr/m/n on input line 15.
LaTeX Font Info:    ... okay on input line 15.
LaTeX Font Info:    Checking defaults for EU2/lmr/m/n on input line 15.
LaTeX Font Info:    ... okay on input line 15.
LaTeX Font Info:    Checking defaults for T3/cmr/m/n on input line 15.
LaTeX Font Info:    Try loading font information for T3+cmr on input line 15.
 (c:/Toolbox/texlive/2014/texmf-dist/tex/latex/tipa/t3cmr.fd
File: t3cmr.fd 2001/12/31 TIPA font definitions
)
LaTeX Font Info:    ... okay on input line 15.
LaTeX Font Info:    Checking defaults for TS1/cmr/m/n on input line 15.
LaTeX Font Info:    Try loading font information for TS1+cmr on input line 15.

(c:/Toolbox/texlive/2014/texmf-dist/tex/latex/base/ts1cmr.fd
File: ts1cmr.fd 2014/09/29 v2.5h Standard LaTeX font definitions
)
LaTeX Font Info:    ... okay on input line 15.
LaTeX Font Info:    Checking defaults for PD1/pdf/m/n on input line 15.
LaTeX Font Info:    ... okay on input line 15.
LaTeX Font Info:    Checking defaults for PU/pdf/m/n on input line 15.
LaTeX Font Info:    ... okay on input line 15.

(c:/Toolbox/texlive/2014/texmf-dist/tex/context/base/supp-pdf.mkii
[Loading MPS to PDF converter (version 2006.09.02).]
\scratchcounter=\count467
\scratchdimen=\dimen324
\scratchbox=\box271
\nofMPsegments=\count468
\nofMParguments=\count469
\everyMPshowfont=\toks31
\MPscratchCnt=\count470
\MPscratchDim=\dimen325
\MPnumerator=\count471
\makeMPintoPDFobject=\count472
\everyMPtoPDFconversion=\toks32
) (c:/Toolbox/texlive/2014/texmf-dist/tex/latex/oberdiek/epstopdf-base.sty
Package: epstopdf-base 2010/02/09 v2.5 Base part for package epstopdf

(c:/Toolbox/texlive/2014/texmf-dist/tex/latex/oberdiek/grfext.sty
Package: grfext 2010/08/19 v1.1 Manage graphics extensions (HO)
)
Package grfext Info: Graphics extension search list:
(grfext)             [.png,.pdf,.jpg,.mps,.jpeg,.jbig2,.jb2,.PNG,.PDF,.JPG,.JPEG
,.JBIG2,.JB2,.eps]
(grfext)             \AppendGraphicsExtensions on input line 452.

(c:/Toolbox/texlive/2014/texmf-dist/tex/latex/latexconfig/epstopdf-sys.cfg
File: epstopdf-sys.cfg 2010/07/13 v1.3 Configuration of (r)epstopdf for TeX Live

))
.................................................
. fontspec info: "setup-math"
. 
. Adjusting the maths setup (use [no-math] to avoid this).
.................................................
\symlegacymaths=\mathgroup7
LaTeX Font Info:    Overwriting symbol font `legacymaths' in version `bold'
(Font)                  OT1/cmr/m/n --> OT1/cmr/bx/n on input line 15.
LaTeX Font Info:    Redeclaring math accent \acute on input line 15.
LaTeX Font Info:    Redeclaring math accent \grave on input line 15.
LaTeX Font Info:    Redeclaring math accent \ddot on input line 15.
LaTeX Font Info:    Redeclaring math accent \tilde on input line 15.
LaTeX Font Info:    Redeclaring math accent \bar on input line 15.
LaTeX Font Info:    Redeclaring math accent \breve on input line 15.
LaTeX Font Info:    Redeclaring math accent \check on input line 15.
LaTeX Font Info:    Redeclaring math accent \hat on input line 15.
LaTeX Font Info:    Redeclaring math accent \dot on input line 15.
LaTeX Font Info:    Redeclaring math accent \mathring on input line 15.
LaTeX Font Info:    Redeclaring math symbol \Gamma on input line 15.
LaTeX Font Info:    Redeclaring math symbol \Delta on input line 15.
LaTeX Font Info:    Redeclaring math symbol \Theta on input line 15.
LaTeX Font Info:    Redeclaring math symbol \Lambda on input line 15.
LaTeX Font Info:    Redeclaring math symbol \Xi on input line 15.
LaTeX Font Info:    Redeclaring math symbol \Pi on input line 15.
LaTeX Font Info:    Redeclaring math symbol \Sigma on input line 15.
LaTeX Font Info:    Redeclaring math symbol \Upsilon on input line 15.
LaTeX Font Info:    Redeclaring math symbol \Phi on input line 15.
LaTeX Font Info:    Redeclaring math symbol \Psi on input line 15.
LaTeX Font Info:    Redeclaring math symbol \Omega on input line 15.
LaTeX Font Info:    Redeclaring math symbol \mathdollar on input line 15.
LaTeX Font Info:    Redeclaring symbol font `operators' on input line 15.
LaTeX Font Info:    Encoding `OT1' has changed to `EU2' for symbol font
(Font)              `operators' in the math version `normal' on input line 15.
LaTeX Font Info:    Overwriting symbol font `operators' in version `normal'
(Font)                  OT1/cmr/m/n --> EU2/lmr/m/n on input line 15.
LaTeX Font Info:    Encoding `OT1' has changed to `EU2' for symbol font
(Font)              `operators' in the math version `bold' on input line 15.
LaTeX Font Info:    Overwriting symbol font `operators' in version `bold'
(Font)                  OT1/cmr/bx/n --> EU2/lmr/m/n on input line 15.
LaTeX Font Info:    Overwriting symbol font `operators' in version `normal'
(Font)                  EU2/lmr/m/n --> EU2/lmr/m/n on input line 15.
LaTeX Font Info:    Overwriting math alphabet `\mathit' in version `normal'
(Font)                  OT1/cmr/m/it --> EU2/lmr/m/it on input line 15.
LaTeX Font Info:    Overwriting math alphabet `\mathbf' in version `normal'
(Font)                  OT1/cmr/bx/n --> EU2/lmr/bx/n on input line 15.
LaTeX Font Info:    Overwriting math alphabet `\mathsf' in version `normal'
(Font)                  OT1/cmss/m/n --> EU2/lmss/m/n on input line 15.
LaTeX Font Info:    Overwriting math alphabet `\mathtt' in version `normal'
(Font)                  OT1/cmtt/m/n --> EU2/lmtt/m/n on input line 15.
LaTeX Font Info:    Overwriting symbol font `operators' in version `bold'
(Font)                  EU2/lmr/m/n --> EU2/lmr/bx/n on input line 15.
LaTeX Font Info:    Overwriting math alphabet `\mathit' in version `bold'
(Font)                  OT1/cmr/bx/it --> EU2/lmr/bx/it on input line 15.
LaTeX Font Info:    Overwriting math alphabet `\mathsf' in version `bold'
(Font)                  OT1/cmss/bx/n --> EU2/lmss/bx/n on input line 15.
LaTeX Font Info:    Overwriting math alphabet `\mathtt' in version `bold'
(Font)                  OT1/cmtt/m/n --> EU2/lmtt/bx/n on input line 15.

(c:/Toolbox/texlive/2014/texmf-dist/tex/latex/beamer/translator/dicts/translato
r-basic-dictionary/translator-basic-dictionary-English.dict
Dictionary: translator-basic-dictionary, Language: English 
)
(c:/Toolbox/texlive/2014/texmf-dist/tex/latex/siunitx/siunitx-abbreviations.cfg
File: siunitx-abbreviations.cfg 2015/01/21 v2.6e siunitx: Abbreviated units
)
Package caption Info: Begin \AtBeginDocument code.
Package caption Info: float package is loaded.
Package caption Info: hyperref package is loaded.
Package caption Info: End \AtBeginDocument code.
\AtBeginShipoutBox=\box272
Package biblatex Info: LuaTeX detected.
(biblatex)             Assuming input encoding 'utf8'.
Package biblatex Info: Automatic encoding selection.
(biblatex)             Assuming data encoding 'utf8'.
Package biblatex Info: Trying to load bibliographic data...
Package biblatex Info: ... file 'mainV21.bbl' found.
 (./mainV21.bbl)
Package biblatex Info: Reference section=0 on input line 15.
Package biblatex Info: Reference segment=0 on input line 15.
Package hyperref Info: Link coloring OFF on input line 15.

(c:/Toolbox/texlive/2014/texmf-dist/tex/latex/hyperref/nameref.sty
Package: nameref 2012/10/27 v2.43 Cross-referencing by name of section

(c:/Toolbox/texlive/2014/texmf-dist/tex/generic/oberdiek/gettitlestring.sty
Package: gettitlestring 2010/12/03 v1.4 Cleanup title references (HO)
)
\c@section@level=\count473
)
LaTeX Info: Redefining \ref on input line 15.
LaTeX Info: Redefining \pageref on input line 15.
LaTeX Info: Redefining \nameref on input line 15.
\c__siunitx_mathsf_int=\count474
(load luc: c:/Toolbox/texlive/2014/texmf-var/luatex-cache/generic/fonts/otf/lmro
man8-regular.luc)(load luc: c:/Toolbox/texlive/2014/texmf-var/luatex-cache/gener
ic/fonts/otf/lmroman6-regular.luc)
LaTeX Font Info:    Try loading font information for U+msa on input line 15.

(c:/Toolbox/texlive/2014/texmf-dist/tex/latex/amsfonts/umsa.fd
File: umsa.fd 2013/01/14 v3.01 AMS symbols A
)
LaTeX Font Info:    Try loading font information for U+msb on input line 15.

(c:/Toolbox/texlive/2014/texmf-dist/tex/latex/amsfonts/umsb.fd
File: umsb.fd 2013/01/14 v3.01 AMS symbols B
)(load luc: c:/Toolbox/texlive/2014/texmf-var/luatex-cache/generic/fonts/otf/lms
ans8-regular.luc)
\c__siunitx_mathtt_int=\count475
LaTeX Font Info:    Try loading font information for EU2+lmtt on input line 15.

(c:/Toolbox/texlive/2014/texmf-dist/tex/latex/euenc/eu2lmtt.fd
File: eu2lmtt.fd 2009/10/30 v1.6 Font defs for Latin Modern
)(load luc: c:/Toolbox/texlive/2014/texmf-var/luatex-cache/generic/fonts/otf/lmm
ono10-regular.luc)(load luc: c:/Toolbox/texlive/2014/texmf-var/luatex-cache/gene
ric/fonts/otf/lmmono8-regular.luc)(load luc: c:/Toolbox/texlive/2014/texmf-var/l
uatex-cache/generic/fonts/otf/lmroman12-bold.luc)(load luc: c:/Toolbox/texlive/2
014/texmf-var/luatex-cache/generic/fonts/otf/lmsans10-bold.luc)(load luc: c:/Too
lbox/texlive/2014/texmf-var/luatex-cache/generic/fonts/otf/lmroman12-regular.luc
)(load luc: c:/Toolbox/texlive/2014/texmf-var/luatex-cache/generic/fonts/otf/lmr
oman7-regular.luc)(load luc: c:/Toolbox/texlive/2014/texmf-var/luatex-cache/gene
ric/fonts/otf/lmsans12-regular.luc)(load luc: c:/Toolbox/texlive/2014/texmf-var/
luatex-cache/generic/fonts/otf/lmmono12-regular.luc) [1

{c:/Toolbox/texlive/2014/texmf-var/fonts/map/pdftex/updmap/pdftex.map}] (./main
V21.toc)
\tf@toc=\write4
 [2

] (./ziel.tex
Underfull \hbox (badness 10000) in paragraph at lines 4--18

 []

) (./theorie.tex
Underfull \hbox (badness 10000) in paragraph at lines 20--1

 []

[3] <abb1.jpg, id=50, 200.24812pt x 362.10281pt>
File: abb1.jpg Graphic file (type jpg)
 <use abb1.jpg>
Package pdftex.def Info: abb1.jpg used on input line 24.
(pdftex.def)             Requested size: 142.26378pt x 257.26607pt.
 [4<./abb1.jpg>] <abb2.jpg, id=73, 539.76656pt x 197.98969pt>
File: abb2.jpg Graphic file (type jpg)
 <use abb2.jpg>
Package pdftex.def Info: abb2.jpg used on input line 62.
(pdftex.def)             Requested size: 341.43306pt x 125.2417pt.

Underfull \hbox (badness 3158) in paragraph at lines 63--63
[][][]|\EU2/lmr/m/n/10 Bei-spiel fr die Hy-per-fein-struk-tur-auf-spal-tung u
nd die Zeeman-
 []

[5] <abb3.jpg, id=89, 403.5075pt x 243.15843pt>
File: abb3.jpg Graphic file (type jpg)
 <use abb3.jpg>
Package pdftex.def Info: abb3.jpg used on input line 82.
(pdftex.def)             Requested size: 341.43306pt x 205.75435pt.
 [6<./abb2.jpg>]
<abb4.jpg, id=103, 532.23843pt x 210.03468pt>
File: abb4.jpg Graphic file (type jpg)
 <use abb4.jpg>
Package pdftex.def Info: abb4.jpg used on input line 98.
(pdftex.def)             Requested size: 341.43306pt x 134.74222pt.
 [7<./abb3.jpg>]
<abb5.jpg, id=115, 335.75438pt x 197.23688pt>
File: abb5.jpg Graphic file (type jpg)
 <use abb5.jpg>
Package pdftex.def Info: abb5.jpg used on input line 107.
(pdftex.def)             Requested size: 284.52756pt x 167.1435pt.
(load luc: c:/Toolbox/texlive/2014/texmf-var/luatex-cache/generic/fonts/otf/lmro
man5-regular.luc)
[8<./abb4.jpg><./abb5.jpg>]
Overfull \hbox (41.53227pt too wide) in paragraph at lines 129--132
[]\EU2/lmr/m/n/10.95 be-stimmt wer-den. Der Ein-stein-ko-ef-fi-zi-ent ist in di
e-sem Fall kon-stant. Nun ist ei-ne $\OML/cmm/m/it/10.95 []$\EU2/lmr/m/n/10.95
 -Abhngigkeit
 []

<abb6.jpg, id=128, 271.0125pt x 136.25906pt>
File: abb6.jpg Graphic file (type jpg)
 <use abb6.jpg>
Package pdftex.def Info: abb6.jpg used on input line 139.
(pdftex.def)             Requested size: 227.62204pt x 114.44641pt.
 [9<./abb6.jpg>]
<abb7.jpg, id=141, 353.82187pt x 162.6075pt>
File: abb7.jpg Graphic file (type jpg)
 <use abb7.jpg>
Package pdftex.def Info: abb7.jpg used on input line 154.
(pdftex.def)             Requested size: 227.62204pt x 104.60934pt.
 [10<./abb7.jpg>]
<abb8.jpg, id=157, 134.5025pt x 183.68625pt>
File: abb8.jpg Graphic file (type jpg)
 <use abb8.jpg>
Package pdftex.def Info: abb8.jpg used on input line 188.
(pdftex.def)             Requested size: 99.58464pt x 136.00134pt.
) (./aufbau.tex
[11<./abb8.jpg>] <aufbau.jpg, id=176, 356.33125pt x 206.7725pt>
File: aufbau.jpg Graphic file (type jpg)

<use aufbau.jpg>
Package pdftex.def Info: aufbau.jpg used on input line 37.
(pdftex.def)             Requested size: 341.43306pt x 198.1365pt.
 <filter.jpg, id=179, 221.82875pt x 513.92pt>
File: filter.jpg Graphic file (type jpg)
 <use filter.jpg>
Package pdftex.def Info: filter.jpg used on input line 44.
(pdftex.def)             Requested size: 79.46957pt x 184.10924pt.

Underfull \hbox (badness 10000) in paragraph at lines 45--45
[][][]|\EU2/lmr/m/n/10 In-ter-fe-renz-fil-
 []

<l42.png, id=182, 803.0pt x 323.2075pt>
File: l42.png Graphic file (type png)
 <use l42.png>
Package pdftex.def Info: l42.png used on input line 49.
(pdftex.def)             Requested size: 334.60571pt x 134.68097pt.
 [12])
(./durchfuehrung.tex [13<./aufbau.jpg><./filter.jpg><./l42.png>](load luc: c:/To
olbox/texlive/2014/texmf-var/luatex-cache/generic/fonts/otf/lmroman9-regular.luc
)(load luc: c:/Toolbox/texlive/2014/texmf-var/luatex-cache/generic/fonts/otf/lms
ans9-regular.luc)(load luc: c:/Toolbox/texlive/2014/texmf-var/luatex-cache/gener
ic/fonts/otf/lmmono9-regular.luc))(load luc: c:/Toolbox/texlive/2014/texmf-var/l
uatex-cache/generic/fonts/otf/lmromancaps10-regular.luc)
Overfull \hbox (7.43523pt too wide) in paragraph at lines 33--33
[][]\EU2/lmr/m/n/10.95 TU Dort-mund. \EU2/lmr/m/it/10.95 Faraday-Effekt\EU2/lmr
/m/n/10.95 . \EU2/lmr/m/sc/10.95 url\EU2/lmr/m/n/10.95 : []$\EU2/lmtt/m/n/10.95
 http : / / 129 . 217 . 224 . 2 / HOMEPAGE / Anleitung _
 []

Package atveryend Info: Empty hook `BeforeClearDocument' on input line 34.
[14]
Package atveryend Info: Empty hook `AfterLastShipout' on input line 34.
 (./mainV21.aux)
Package atveryend Info: Executing hook `AtVeryEndDocument' on input line 34.
Package atveryend Info: Executing hook `AtEndAfterFileList' on input line 34.
Package rerunfilecheck Info: File `mainV21.aux' has not changed.
(rerunfilecheck)             Checksum: 113F131F4FDF310B0844F7D5E160C3D2;10526.
Package rerunfilecheck Info: File `mainV21.toc' has not changed.
(rerunfilecheck)             Checksum: 682F9BC11B62AE47E85D96843F234075;1159.
Package logreq Info: Writing requests to 'mainV21.run.xml'.
Package atveryend Info: Empty hook `AtVeryVeryEnd' on input line 34.
)

Here is how much of LuaTeX's memory you used:
 37317 strings out of 494693
 100000,1373583 words of node,token memory allocated
 714 words of node memory still in use:
   7 hlist, 2 vlist, 2 rule, 2 glue, 18 kern, 24 attribute, 63 glue_spec, 24 att
ribute_list, 2 action, 1 write nodes
   avail lists: 1:3,2:9860,3:226,4:799,5:255,6:3220,7:232,8:15,9:282,10:437
 39921 multiletter control sequences out of 65536+600000
 105 fonts using 5806839 bytes
 70i,12n,100p,956b,2061s stack positions out of 5000i,500n,10000p,200000b,100000s
<c:/toolbox/texlive/2014/texmf-dist/fonts/opentype/public/lm/lmroman9-regular.ot
f><c:/toolbox/texlive/2014/texmf-dist/fonts/opentype/public/lm/lmroman10-italic.
otf><c:/toolbox/texlive/2014/texmf-dist/fonts/opentype/public/lm/lmmono10-regula
r.otf><c:/toolbox/texlive/2014/texmf-dist/fonts/opentype/public/lm/lmromancaps10
-regular.otf><c:/toolbox/texlive/2014/texmf-dist/fonts/opentype/public/lm/lmroma
n6-regular.otf><c:/toolbox/texlive/2014/texmf-dist/fonts/opentype/public/lm/lmro
man10-bold.otf><c:/toolbox/texlive/2014/texmf-dist/fonts/opentype/public/lm/lmro
man8-regular.otf><c:/toolbox/texlive/2014/texmf-dist/fonts/opentype/public/lm/lm
roman10-regular.otf><c:/toolbox/texlive/2014/texmf-dist/fonts/opentype/public/lm
/lmroman12-regular.otf><c:/toolbox/texlive/2014/texmf-dist/fonts/opentype/public
/lm/lmsans10-bold.otf><c:/toolbox/texlive/2014/texmf-dist/fonts/opentype/public/
lm/lmroman12-bold.otf><<c:/Toolbox/texlive/2014/texmf-dist/fonts/type1/public/am
sfonts/cm/cmex10.pfb><<c:/Toolbox/texlive/2014/texmf-dist/fonts/type1/public/ams
fonts/cm/cmmi10.pfb><<c:/Toolbox/texlive/2014/texmf-dist/fonts/type1/public/amsf
onts/cm/cmmi8.pfb><<c:/Toolbox/texlive/2014/texmf-dist/fonts/type1/public/amsfon
ts/cm/cmr10.pfb><<c:/Toolbox/texlive/2014/texmf-dist/fonts/type1/public/amsfonts
/cm/cmr6.pfb><<c:/Toolbox/texlive/2014/texmf-dist/fonts/type1/public/amsfonts/cm
/cmr7.pfb><<c:/Toolbox/texlive/2014/texmf-dist/fonts/type1/public/amsfonts/cm/cm
r8.pfb><<c:/Toolbox/texlive/2014/texmf-dist/fonts/type1/public/amsfonts/cm/cmr9.
pfb><<c:/Toolbox/texlive/2014/texmf-dist/fonts/type1/public/amsfonts/cm/cmsy10.p
fb><<c:/Toolbox/texlive/2014/texmf-dist/fonts/type1/public/amsfonts/cm/cmsy8.pfb
><<c:/Toolbox/texlive/2014/texmf-dist/fonts/type1/public/amsfonts/euler/eurm10.p
fb>
Output written on mainV21.pdf (14 pages, 329033 bytes).

PDF statistics: 359 PDF objects out of 1000 (max. 8388607)
 267 compressed objects within 3 object streams
 60 named destinations out of 1000 (max. 131072)
 97 words of extra memory for PDF output out of 10000 (max. 10000000)

